{
  "RSpec": {
    "coverage": {
      "/Developer/workspace_ruby/publishable/lib/publishable.rb": [
        null,
        null,
        1,
        1,
        null,
        null,
        null,
        null,
        null,
        null,
        null,
        null,
        null,
        null,
        null,
        null,
        1,
        null,
        null,
        null,
        null,
        1,
        5,
        null,
        null,
        null,
        1,
        1,
        null,
        null,
        null,
        null,
        null,
        null,
        null,
        null,
        null,
        null,
        1,
        5,
        null,
        5,
        5,
        5,
        5,
        null,
        null,
        5,
        null,
        4,
        4,
        null,
        4,
        2,
        null,
        null,
        2,
        2,
        null,
        null,
        2,
        0,
        null,
        2,
        0,
        null,
        null,
        1,
        1,
        null,
        null,
        1,
        0,
        null,
        1,
        0,
        null,
        null,
        0,
        null,
        null,
        null,
        null,
        3,
        null,
        null,
        3,
        null,
        2,
        11,
        11,
        null,
        11,
        null,
        null,
        null,
        2,
        11,
        11,
        11,
        null,
        null,
        null,
        1,
        0,
        null,
        null,
        1,
        0,
        null,
        null,
        null,
        0,
        null,
        null,
        null,
        3,
        2,
        11,
        11,
        11,
        null,
        2,
        11,
        11,
        11,
        null,
        null,
        null,
        null,
        null,
        3,
        null,
        2,
        null,
        null,
        null,
        null,
        null,
        null,
        null,
        null,
        null,
        null,
        null,
        null,
        null,
        null,
        null,
        null,
        null,
        null,
        null,
        null,
        null,
        null,
        null,
        null,
        null,
        null,
        null,
        null,
        null,
        null,
        null,
        null,
        null,
        null,
        null,
        null,
        null,
        null,
        null,
        null,
        1,
        null,
        null,
        null,
        null,
        null,
        null,
        null,
        null,
        null,
        null,
        null,
        null,
        null,
        null,
        null,
        null,
        null,
        null,
        null,
        null,
        null,
        null,
        null,
        null,
        null,
        null,
        null,
        null,
        0,
        null,
        null,
        null,
        null,
        null,
        null,
        null,
        null,
        null,
        null,
        null,
        null,
        null,
        null,
        null,
        null,
        null,
        null,
        null,
        null,
        null,
        null,
        null,
        null,
        null,
        null,
        null,
        null,
        null,
        null,
        null,
        null,
        null,
        null,
        null,
        null,
        null,
        null,
        null,
        null,
        null,
        null,
        null,
        null,
        null,
        null,
        null,
        null,
        null,
        null,
        null,
        null,
        null,
        null,
        null,
        null,
        null,
        null,
        null,
        null,
        null,
        null,
        null,
        null,
        null,
        null,
        null,
        null,
        null,
        null,
        null,
        null,
        null,
        null,
        null,
        null,
        null,
        null,
        null,
        null,
        null,
        null,
        null
      ],
      "/Developer/workspace_ruby/publishable/spec/support/matcher_each.rb": [
        1,
        2,
        2,
        11,
        11,
        null,
        null,
        null,
        2,
        0,
        null,
        null
      ]
    },
    "timestamp": 1366832349
  }
}
